{
  "RSpec": {
    "coverage": {
      "/Users/jacqwhitmer/REPOS/turing/mod3/projects/sweater_weather/config/environment.rb": {
        "lines": [
          null,
          1,
          null,
          null,
          1
        ]
      },
      "/Users/jacqwhitmer/REPOS/turing/mod3/projects/sweater_weather/config/application.rb": {
        "lines": [
          1,
          null,
          1,
          null,
          1,
          1,
          1,
          1,
          1,
          1,
          1,
          1,
          1,
          1,
          null,
          null,
          null,
          null,
          null,
          1,
          null,
          1,
          1,
          null,
          1,
          null,
          null,
          null,
          null,
          null,
          null,
          null,
          null,
          null,
          null,
          null,
          null,
          1,
          null,
          null
        ]
      },
      "/Users/jacqwhitmer/REPOS/turing/mod3/projects/sweater_weather/config/boot.rb": {
        "lines": [
          1,
          null,
          1,
          1
        ]
      },
      "/Users/jacqwhitmer/REPOS/turing/mod3/projects/sweater_weather/config/environments/test.rb": {
        "lines": [
          1,
          null,
          null,
          null,
          null,
          null,
          null,
          1,
          null,
          null,
          1,
          null,
          null,
          null,
          null,
          1,
          null,
          null,
          1,
          1,
          null,
          null,
          null,
          null,
          1,
          1,
          1,
          null,
          null,
          1,
          null,
          null,
          1,
          null,
          null,
          1,
          null,
          1,
          null,
          null,
          null,
          null,
          1,
          null,
          null,
          1,
          null,
          null,
          1,
          null,
          null,
          1,
          null,
          null,
          null,
          null,
          null,
          null,
          null
        ]
      },
      "/Users/jacqwhitmer/REPOS/turing/mod3/projects/sweater_weather/config/initializers/application_controller_renderer.rb": {
        "lines": [
          null,
          null,
          null,
          null,
          null,
          null,
          null,
          null
        ]
      },
      "/Users/jacqwhitmer/REPOS/turing/mod3/projects/sweater_weather/config/initializers/backtrace_silencers.rb": {
        "lines": [
          null,
          null,
          null,
          null,
          null,
          null,
          null,
          1
        ]
      },
      "/Users/jacqwhitmer/REPOS/turing/mod3/projects/sweater_weather/config/initializers/cors.rb": {
        "lines": [
          null,
          null,
          null,
          null,
          null,
          null,
          null,
          null,
          null,
          null,
          null,
          null,
          null,
          null,
          null,
          null
        ]
      },
      "/Users/jacqwhitmer/REPOS/turing/mod3/projects/sweater_weather/config/initializers/filter_parameter_logging.rb": {
        "lines": [
          null,
          null,
          null,
          1,
          null,
          null
        ]
      },
      "/Users/jacqwhitmer/REPOS/turing/mod3/projects/sweater_weather/config/initializers/inflections.rb": {
        "lines": [
          null,
          null,
          null,
          null,
          null,
          null,
          null,
          null,
          null,
          null,
          null,
          null,
          null,
          null,
          null,
          null
        ]
      },
      "/Users/jacqwhitmer/REPOS/turing/mod3/projects/sweater_weather/config/initializers/mime_types.rb": {
        "lines": [
          null,
          null,
          null,
          null
        ]
      },
      "/Users/jacqwhitmer/REPOS/turing/mod3/projects/sweater_weather/config/initializers/wrap_parameters.rb": {
        "lines": [
          null,
          null,
          null,
          null,
          null,
          null,
          1,
          1,
          null,
          null,
          null,
          null,
          null,
          null
        ]
      },
      "/Users/jacqwhitmer/REPOS/turing/mod3/projects/sweater_weather/config/routes.rb": {
        "lines": [
          1,
          null,
          null
        ]
      },
      "/Users/jacqwhitmer/REPOS/turing/mod3/projects/sweater_weather/app/facades/mapquest_facade.rb": {
        "lines": [
          1,
          null,
          1,
          2,
          2,
          null,
          null,
          null
        ]
      },
      "/Users/jacqwhitmer/REPOS/turing/mod3/projects/sweater_weather/spec/poros/forecast_spec.rb": {
        "lines": [

        ]
      },
      "/Users/jacqwhitmer/REPOS/turing/mod3/projects/sweater_weather/spec/poros/longlat_spec.rb": {
        "lines": [
          1,
          null,
          1,
          1,
          1,
          1,
          null,
          1,
          null,
          null,
          1,
          1,
          1,
          null,
          1,
          1,
          null,
          null
        ]
      },
      "/Users/jacqwhitmer/REPOS/turing/mod3/projects/sweater_weather/app/poros/longlat.rb": {
        "lines": [
          1,
          1,
          null,
          null,
          1,
          4,
          4,
          null,
          null,
          null
        ]
      },
      "/Users/jacqwhitmer/REPOS/turing/mod3/projects/sweater_weather/spec/services/forecast_service_spec.rb": {
        "lines": [
          1,
          null,
          1,
          1,
          1,
          null,
          1,
          null,
          1,
          null,
          null
        ]
      },
      "/Users/jacqwhitmer/REPOS/turing/mod3/projects/sweater_weather/app/services/forecast_service.rb": {
        "lines": [
          1,
          null,
          1,
          1,
          null,
          1,
          null,
          null,
          null
        ]
      },
      "/Users/jacqwhitmer/REPOS/turing/mod3/projects/sweater_weather/spec/services/mapquest_service_spec.rb": {
        "lines": [
          1,
          null,
          1,
          1,
          1,
          null,
          1,
          null,
          null
        ]
      },
      "/Users/jacqwhitmer/REPOS/turing/mod3/projects/sweater_weather/app/services/mapquest_service.rb": {
        "lines": [
          1,
          null,
          1,
          3,
          null,
          3,
          null,
          null,
          null
        ]
      }
    },
    "timestamp": 1636859723
  }
}
